#
# There is insufficient memory for the Java Runtime Environment to continue.
# Native memory allocation (malloc) failed to allocate 1048576 bytes for AllocateHeap
# Possible reasons:
#   The system is out of physical RAM or swap space
#   The process is running with CompressedOops enabled, and the Java Heap may be blocking the growth of the native heap
# Possible solutions:
#   Reduce memory load on the system
#   Increase physical memory or swap space
#   Check if swap backing store is full
#   Decrease Java heap size (-Xmx/-Xms)
#   Decrease number of Java threads
#   Decrease Java thread stack sizes (-Xss)
#   Set larger code cache with -XX:ReservedCodeCacheSize=
#   JVM is running with Unscaled Compressed Oops mode in which the Java heap is
#     placed in the first 4GB address space. The Java Heap base address is the
#     maximum limit for the native heap growth. Please use -XX:HeapBaseMinAddress
#     to set the Java Heap base and to place the Java Heap above 4GB virtual address.
# This output file may be truncated or incomplete.
#
#  Out of Memory Error (./src/hotspot/share/memory/allocation.cpp:46), pid=2724, tid=8436
#
# JRE version:  (11.0.8+10) (build )
# Java VM: OpenJDK 64-Bit Server VM (11.0.8+10-b944.6842174, mixed mode, sharing, tiered, compressed oops, g1 gc, windows-amd64)
# No core dump will be written. Minidumps are not enabled by default on client versions of Windows
#

---------------  S U M M A R Y ------------

Command Line: org.jetbrains.git4idea.http.GitAskPassApp Username for 'https://github.com': 

Host: Intel(R) Core(TM) i7-8550U CPU @ 1.80GHz, 8 cores, 7G,  Windows 10 , 64 bit Build 19041 (10.0.19041.1023)
Time: Mon Jul 26 13:39:39 2021 대한민국 표준시 elapsed time: 0 seconds (0d 0h 0m 0s)

---------------  T H R E A D  ---------------

Current thread (0x000001f76b01e000):  JavaThread "Unknown thread" [_thread_in_vm, id=8436, stack(0x000000ae5aa00000,0x000000ae5ab00000)]

Stack: [0x000000ae5aa00000,0x000000ae5ab00000]
Native frames: (J=compiled Java code, j=interpreted, Vv=VM code, C=native code)
V  [jvm.dll+0x5de50a]
V  [jvm.dll+0x7122f5]
V  [jvm.dll+0x71384d]
V  [jvm.dll+0x713f03]
V  [jvm.dll+0x23e728]
V  [jvm.dll+0xb0144]
V  [jvm.dll+0x2d1ef3]
V  [jvm.dll+0x6f11e7]
V  [jvm.dll+0x6f29ec]
V  [jvm.dll+0x355cb9]
V  [jvm.dll+0x6d4ade]
V  [jvm.dll+0x3bdfe3]
V  [jvm.dll+0x3c0201]
C  [jli.dll+0x5373]
C  [ucrtbase.dll+0x21bb2]
C  [KERNEL32.DLL+0x17034]
C  [ntdll.dll+0x52651]


---------------  P R O C E S S  ---------------

Threads class SMR info:
_java_thread_list=0x000001f76af431f0, length=0, elements={
}

Java Threads: ( => current thread )

Other Threads:

[error occurred during error reporting (printing all threads), id 0xc0000005, EXCEPTION_ACCESS_VIOLATION (0xc0000005) at pc=0x00007ffdf30197de]

VM state:not at safepoint (not fully initialized)

VM Mutex/Monitor currently owned by a thread: None


[error occurred during error reporting (printing compressed oops mode), id 0xc0000005, EXCEPTION_ACCESS_VIOLATION (0xc0000005) at pc=0x00007ffdf3032037]

GC Heap History (0 events):
No events

Deoptimization events (0 events):
No events

Classes redefined (0 events):
No events

Internal exceptions (0 events):
No events

Events (1 events):
Event: 0.007 Loaded shared library C:\Program Files\Android\Android Studio\jre\bin\zip.dll


Dynamic libraries:
0x00007ff6f2c00000 - 0x00007ff6f2c0a000 	C:\Program Files\Android\Android Studio\jre\bin\java.exe
0x00007ffe59d70000 - 0x00007ffe59f65000 	C:\Windows\SYSTEM32\ntdll.dll
0x00007ffe58a50000 - 0x00007ffe58b0d000 	C:\Windows\System32\KERNEL32.DLL
0x00007ffe575e0000 - 0x00007ffe578a9000 	C:\Windows\System32\KERNELBASE.dll
0x00007ffe57b80000 - 0x00007ffe57c80000 	C:\Windows\System32\ucrtbase.dll
0x00007ffe46ce0000 - 0x00007ffe46cf9000 	C:\Program Files\Android\Android Studio\jre\bin\jli.dll
0x00007ffe46ab0000 - 0x00007ffe46ac7000 	C:\Program Files\Android\Android Studio\jre\bin\VCRUNTIME140.dll
0x00007ffe58b70000 - 0x00007ffe58d10000 	C:\Windows\System32\USER32.dll
0x00007ffe57c80000 - 0x00007ffe57ca2000 	C:\Windows\System32\win32u.dll
0x00007ffe366f0000 - 0x00007ffe3698a000 	C:\Windows\WinSxS\amd64_microsoft.windows.common-controls_6595b64144ccf1df_6.0.19041.1110_none_60b5254171f9507e\COMCTL32.dll
0x00007ffe58d40000 - 0x00007ffe58d6a000 	C:\Windows\System32\GDI32.dll
0x00007ffe58e20000 - 0x00007ffe58ebe000 	C:\Windows\System32\msvcrt.dll
0x00007ffe57a70000 - 0x00007ffe57b7b000 	C:\Windows\System32\gdi32full.dll
0x00007ffe57540000 - 0x00007ffe575dd000 	C:\Windows\System32\msvcp_win.dll
0x00007ffe58d10000 - 0x00007ffe58d40000 	C:\Windows\System32\IMM32.DLL
0x00007ffe27630000 - 0x00007ffe276cd000 	C:\Program Files\Android\Android Studio\jre\bin\msvcp140.dll
0x00007ffdf2940000 - 0x00007ffdf33fc000 	C:\Program Files\Android\Android Studio\jre\bin\server\jvm.dll
0x00007ffe58d70000 - 0x00007ffe58e1c000 	C:\Windows\System32\ADVAPI32.dll
0x00007ffe57de0000 - 0x00007ffe57e7b000 	C:\Windows\System32\sechost.dll
0x00007ffe57e80000 - 0x00007ffe57faa000 	C:\Windows\System32\RPCRT4.dll
0x00007ffe58ec0000 - 0x00007ffe58ec8000 	C:\Windows\System32\PSAPI.DLL
0x00007ffe4b990000 - 0x00007ffe4b999000 	C:\Windows\SYSTEM32\WSOCK32.dll
0x00007ffe338f0000 - 0x00007ffe33917000 	C:\Windows\SYSTEM32\WINMM.dll
0x00007ffe4dbe0000 - 0x00007ffe4dbea000 	C:\Windows\SYSTEM32\VERSION.dll
0x00007ffe58960000 - 0x00007ffe589cb000 	C:\Windows\System32\WS2_32.dll
0x00007ffe55dc0000 - 0x00007ffe55dd2000 	C:\Windows\SYSTEM32\kernel.appcore.dll
0x00007ffe4c230000 - 0x00007ffe4c241000 	C:\Program Files\Android\Android Studio\jre\bin\verify.dll
0x00007ffe4f780000 - 0x00007ffe4f964000 	C:\Windows\SYSTEM32\DBGHELP.DLL
0x00007ffe4dbf0000 - 0x00007ffe4dc1c000 	C:\Windows\SYSTEM32\dbgcore.DLL
0x00007ffe574b0000 - 0x00007ffe57533000 	C:\Windows\System32\bcryptPrimitives.dll
0x00007ffe46cb0000 - 0x00007ffe46cd9000 	C:\Program Files\Android\Android Studio\jre\bin\java.dll
0x00007ffe52310000 - 0x00007ffe5231b000 	C:\Program Files\Android\Android Studio\jre\bin\jimage.dll
0x00007ffe4c160000 - 0x00007ffe4c178000 	C:\Program Files\Android\Android Studio\jre\bin\zip.dll

dbghelp: loaded successfully - version: 4.0.5 - missing functions: none
symbol engine: initialized successfully - sym options: 0x614 - pdb path: .;C:\Program Files\Android\Android Studio\jre\bin;C:\Windows\SYSTEM32;C:\Windows\WinSxS\amd64_microsoft.windows.common-controls_6595b64144ccf1df_6.0.19041.1110_none_60b5254171f9507e;C:\Program Files\Android\Android Studio\jre\bin\server

VM Arguments:
java_command: org.jetbrains.git4idea.http.GitAskPassApp Username for 'https://github.com': 
java_class_path (initial): C:/Program Files/Android/Android Studio/plugins/git4idea/lib/git4idea-rt.jar;C:/Program Files/Android/Android Studio/lib/xmlrpc-2.0.1.jar;C:/Program Files/Android/Android Studio/lib/commons-codec-1.14.jar
Launcher Type: SUN_STANDARD

[Global flags]
     intx CICompilerCount                          = 4                                         {product} {ergonomic}
     uint G1ConcRefinementThreads                  = 8                                         {product} {ergonomic}
   size_t G1HeapRegionSize                         = 1048576                                   {product} {ergonomic}
    uintx GCDrainStackTargetSize                   = 64                                        {product} {ergonomic}
   size_t InitialHeapSize                          = 132120576                                 {product} {ergonomic}
   size_t MaxHeapSize                              = 2111832064                                {product} {ergonomic}
   size_t MinHeapDeltaBytes                        = 1048576                                   {product} {ergonomic}
    uintx NonNMethodCodeHeapSize                   = 5836300                                {pd product} {ergonomic}
    uintx NonProfiledCodeHeapSize                  = 122910970                              {pd product} {ergonomic}
    uintx ProfiledCodeHeapSize                     = 122910970                              {pd product} {ergonomic}
    uintx ReservedCodeCacheSize                    = 251658240                              {pd product} {ergonomic}
     bool SegmentedCodeCache                       = true                                      {product} {ergonomic}
     bool UseCompressedClassPointers               = true                                 {lp64_product} {ergonomic}
     bool UseCompressedOops                        = true                                 {lp64_product} {ergonomic}
     bool UseG1GC                                  = true                                      {product} {ergonomic}
     bool UseLargePagesIndividualAllocation        = false                                  {pd product} {ergonomic}

Logging:
Log output configuration:
 #0: stdout all=warning uptime,level,tags
 #1: stderr all=off uptime,level,tags

Environment Variables:
JAVA_HOME=C:\Program Files\Zulu\zulu-11
CLASSPATH=C:\Program Files\Zulu\zulu-11\lib
PATH=C:\Program Files\Git\mingw64\libexec\git-core;C:\Program Files\Git\mingw64\libexec\git-core;C:\Program Files\Git\mingw64\bin;C:\Program Files\Git\usr\bin;C:\Users\sein4\bin;C:\Program Files\Zulu\zulu-11\bin;C:\Program Files\Common Files\Oracle\Java\javapath;C:\Program Files (x86)\NetSarang\Xshell 6;C:\Windows\system32;C:\Windows;C:\Windows\System32\Wbem;C:\Windows\System32\WindowsPowerShell\v1.0;C:\Windows\System32\OpenSSH;C:\Program Files\PuTTY;C:\MinGW\bin;C:\Program Files\Git\cmd;C:\Program Files\Zulu\zulu-11\bin;C:\Program Files\CMake\bin;C:\Program Files\MySQL\MySQL Server 8.0\bin;C:\Program Files\MySQL\MySQL Shell 8.0\bin;C:\Users\sein4\AppData\Local\Programs\Python\Python39\Scripts;C:\Users\sein4\AppData\Local\Programs\Python\Python39;C:\Python\Python36\Scripts;C:\Python\Python36;C:\Users\sein4\AppData\Local\Microsoft\WindowsApps;C:\Users\sein4\AppData\Local\Programs\Microsoft VS Code\bin;C:\Program Files\JetBrains\IntelliJ IDEA Community Edition 2020.3\bin;C:\Program Files\JetBrains\PyCharm Community Edition 2020.3.2\bin;C:\Program Files\JetBrains\PyCharm 2020.3.2\bin;C:\Users\sein4\AppData\Local\atom\bin;C:\Program Files\CMake\bin
USERNAME=sein4
DISPLAY=:0.0
LC_ALL=en_US.UTF-8
OS=Windows_NT
PROCESSOR_IDENTIFIER=Intel64 Family 6 Model 142 Stepping 10, GenuineIntel



---------------  S Y S T E M  ---------------

OS: Windows 10 , 64 bit Build 19041 (10.0.19041.1023)
OS uptime: 7 days 6:58 hours

CPU:total 8 (initial active 8) (4 cores per cpu, 2 threads per core) family 6 model 142 stepping 10, cmov, cx8, fxsr, mmx, sse, sse2, sse3, ssse3, sse4.1, sse4.2, popcnt, avx, avx2, aes, clmul, erms, 3dnowpref, lzcnt, ht, tsc, tscinvbit, bmi1, bmi2, adx, fma

Memory: 4k page, system-wide physical 8051M (1251M free)
TotalPageFile size 32627M (AvailPageFile size 7M)
current process WorkingSet (physical memory assigned to process): 9M, peak: 9M
current process commit charge ("private bytes"): 14M, peak: 15M

vm_info: OpenJDK 64-Bit Server VM (11.0.8+10-b944.6842174) for windows-amd64 JRE (11.0.8+10-b944.6842174), built on Sep 19 2020 01:11:42 by "builder" with MS VC++ 14.0 (VS2015)

END.
